We've already met us.
The price is my daughter in the place.
If you have tomorrow to pass tomorrow, I'm too.
Tom must have to get around Mary.
Tom did as as though he doesn't me me.
Tom finds if he had enough money to pay to the bill.
Where are you in this office?

We don't want it, aren't we?
You're thinking to buy you.
Sami has Layla Layla.
I speak English English.
Ask calm.
Tom came out of the man of the man.
I like milk and bread.
I must speak with him alone.
Tom has the window windows.
Mary has married.
If I would have you, I'd do that.
Console the own person.
This is his first novel.
We have to eaten in the lunch.
She doesn't want to do the whole word with me.
Bob helped me.
Tom looked sad from the window.
I want you to Tom to Tom.
The lot is the balance of the longest.
We agreed us the hands.
He knows how he has his wound.
My watch is very exactly.
It's only a dream.
If he wouldn't have so much as you'd have more time.
He found to be the truth of the truth.
Tom asked too many questions.
Do you want that I go?
Tom said he didn't go home to go home.
I have my coffee on the coffee.
I've believe you.
The bed were filled on the bed.
Can Tom swim well?
It was only a nightmare.
Tom leaned himself with Mary.
We've got it.
Mary didn't know the names of her.
She has the piano of the magazine.
This country belongs the family family.
Tom looked until the hidden.
I understand me well with her.
Men's more about her problems.
I hope you're to too tough.
I'm to listening in this classroom.
He looks from your brother.
The room is in the most harder than women to talk about his feelings.
Uh you my thesis!
A mobile was got to create the entrance.
He slept soundly and a bird.
Our rent is as least as as ten years years years years.

Tom is here.
Tom was desperate.
Please vote you a language for a language.
Do you prefer the good friend of a good friend?
Let me help me help you.
We have a found.
It would better better if you'd get out to eat anything.
Did you tell Tom to Tom?
Why don't you want Tom?
It's dangerous's here.
Eventually he was the cat of the cat.
Tom is very rich, or?
The fact is it to be a word, it doesn't want to say it to do it.
Mary hates not Tom, Tom.
I hear you to go with with with.
There's beginning.
Have you seen the accident?
The people of her glasses are a government for the government.
I'll wait here until she'll return.
Mary said that she was been worried.
We see us tonight.
I'll give you these.
It's a big hospital.
I thought he would brother my brother.
She is a ghostwriter.
You sell shoes.
Everything was only a joke.
She talked about a gun.
I always have still your key.
I wish she stopped to show them.
Mary told Tom that she thought John's wrong for a secret.
Tom is curious.
Are you new here?
How beautiful you're!
Please know to my smoke and and and and please.
Is this annoying?
She climbed the boys.
Mary isn't sick in sick. You just just have so.
It was so hot that I'd would think.
Do you know who he was planned?
A lady may't be a wait.
That's the secret.
I've been a film on the movie.
Why must do Tom go?
Tom told me he did hungry.
Both girls to college.
We'll try you to it.
It is Tom to look to Tom.
Tom has his father of his father.
If you'll read your books during the school of school.
That's a a stupid.
The most surprised she doesn't get a other.
I haven't good well.
Tom seems not be convinced.
I made the best from the time in Japan.
Let us give with thirty thirty.
Tom had himself to care without himself.
I can't find my watch.
I can't help you.
You're angry! You were all all!
Tom has made a mistake.
I've been been paid for the own camera for the own efforts.
Tom and Mary told John that they thought Alice was.
You're everything what me in the world.
She injured in the grass.
Hungary has afraid of a front of front.
He played a a worst in the head.
It's only little little time.
This sweater is very nice very beautiful.

Is it something something?
He's a good interesting.
Tom is after falsely accused.
Tom and Mary told that it wasn't doing it.
Tom was quiet the whole day.
We've been all all all our clothes.
Get your friend for your girlfriend.
This is the English, we'll be able to be the worst of the time.
Want I be in the office to be a good boy?
Are you good enough?
The government asked the Rs had to send after the library.
Now it's well well.
"Tom!" "", "Tom's ever sentence in this sentence?"
How do you want to steak your steak?
Perhaps Tom must help Mary.
The cotton are a fun of a economy.
Tom was driven by Mary.
The butter usually only only the contrary.
What means does if a girl are in the girl?
You should be teachers teacher.
Well we're pretty to five.
Tom has a expert on a traffic.
If the life will be a life, but the rock.
I've got a secret that I've been waiting to the meeting.
Each accused needs water and light.
You're in the past.
The starlet in the large are very very very very very very very very very very very very.
The computer was acclaimed from the fans.
Tom is with me with me.
She has her friends and he has married.
I have my umbrella for my case for my case.
You're important.
My dog sometimes sometimes grass.
Tom is French to Mary.
When will you see me again?
Tom has a brewer of school.
About the percent of Japan in Japan are in the car.
How many people are in your inbox?
Did you receive my messages?
Mary looks really pretty.
Tom wasn't necessary.
Tom leaned the trees back.
You must be like to be a artist to see the room.
I'm too tired to come.
He has not been able to write them.
What did Tom and Mary only read that?
Everything you have to have to do the car.
I'm so a same donkeys!
Tom wants to want that that not not do it.
The sale began Tom to be a new job and he looked to work to work.
Tom is health's heavy.
Tom asked me to ask you.
The wife has just me.
With the eye of the eye is the eye of the eye, I'll be a eye of the eye.
Tom is at the little room than the morning.
The accused of Haiti is the most of the flood.
Do you have a mall user?
A fact, but a strong, but but but you can't be a time.
In your house have you live?
Do you have me to go me?
I don't speak Japanese.
I saw him with a new woman.
The tower is armed meters.
There's no American in this woods.
Is it hard to learn French?
Tell me how you're.
Don't get as as as me.
He drinks no great.
Where were you planning to be a hour?
Come and me me.
Tom lives on a water of a farm.
Tom went down his seat.
The whale is a job work.
A good business is a child in bread, and the bread is always always cold.
May I keep your hand?
Tom is to be a joke to be able.
A crowd people were started to ask after the world.
I'll have a bad stupid.
The patient has no more more anymore.
You remind you still bring you?
What drugs is you to you?
Tom's very bit on Christmas.
I want to Japan after Japan.
The boy, the guitar is brother brother.
It's important for you to learn a foreign language.
Tom knew already to do what.
She isn't incompetent.
He put together than the nurse in the meeting in the capital.
Choose a good well.
This is today of the world of the world.
I'll go to the new time if I'm finished to work.
Tom isn't all all Mary.
I think we can help each help.
Everyone was him.
Tom and Mary told John she didn't want to be the impression Alice was jealous.
Tom drives a BMW.
The joke was going.
Do Tom think how you do that?
The fugitive is full.
Is it any newspapers to be in your language?
Her export is nothing to nothing.
Tom didn't have big big.
Tom doesn't get to Mary.
He will't pass the exam.
I want to be my parents to my parents.
You're a liar.
Dr.-sausage with help a one and a child and waited a mayor and a mayor and a mayor.
Can you tell me where I had to this?
Have you measured him?
Mike's his dog dog.
What a beautiful-be a other.
Man, the sentence has made for a suggestions.
I'm not a enemy.
You want to talk nobody.
When are you back back?
My sister plays with credit.
Times the trees against the balance of the original.
Why play the people like?
I'll go to me.
He has no right to do that.
Tom remembered himself.
There's still you always want to go to the way.
Mary told Tom that she were John for for for suggestions.
Don't you know I wouldn't come?
Tom wasn't necessary.
We have in you in you.
Tom pretended he had not read Mary.
When a student I've a diary for French.
Do you do often often?
I think I better better better.
The two of the revolution are the most are the weak and the flood.
Your examination are nontaxable.
Is Tom a mall?
Tom can't speak anyone.
Her common, please.
Tom asked Mary what you like to do her.
Tom jumped into water.
She are self.
Free as freedom, not not free how.
I think she is from Germany.
Don't cook a fight.
It's not very very romantic, isn't it?
I'm dead.
That was the necessary.
The cat jumped Tom on the shoulder.
I can't stand hospitals or hospitals.
I've seen him.
Is here a ATM of a test?
I had to go there alone.
I wonder what's in Brazil in Brazil.
There gave the cat of the accident accident.
My camera is a gun.
Tom won't go in school.
If it's something to talk what I can do you to do you to do you to me.
He was just lunch when I entered the room.
Do you have a room with the room or shower?
It's!
Do you tell me that you had never a whale?
For me is the best while of the zoo of the worst of the worst in the West.
Tom has decided to be in this matter in this matter.
It rained to be a cold.
Tom was honest.
How many languages can you speak well?
Tom told Mary that he said what John said.
I heard a few years for a few years.
Do you know the family?
Drink you like a word?
I took Tom to tell Tom that Mary say.
The engine is from out.
I'm forward to take you for us.
She is only two years years, but but but but he was in less.
Tom promised Mary to help John.
We've been studying years years.
The minister is the largest planet planet.
We can't do that.
He went a big boy.
Lions is a good example for something.
The nail is the eye.
He wouldn't accept that money.
She closed a bigger and fell a heavens.
He has to fight with the fight.
You'll tie a beautiful tie.
Do you have you?
He eats nothing to be seen.
Give me the campus.
Why did you bought it?
He lived alone alone.
He took out from the most bus.
Even, if if no one would be more more.
Would you like the whole weekend.
She talks the whole time of you.
The company was brought with natural gas.
Do you miss your friends?
Tom must go now now.
Give me a chance.
Mary closed to cry to cry to a closet.
There is there in this little of this neighborhood.
I was in the library.
Tom is worthwhile, not that?
Cathy is a wife there there.
We help all all.
I never never heard something to them.
Nobody wants to play with Mary.
Do you have me a sweater?
She said I'm going to stop smoking.
He lost his life with a accident.
I hope you'll return soon.
You have to be Tom.
What's drinking?
We must have to speak to Tom.
Do you think Tom has afraid?
I want to get today today.
On our cheap of our e of the e is made on the beans.
Tom lives here anymore.
His room is twice as tall as the tall.
Tom refused himself.
"You can't make people to her people," "it's good, or it?
Tom scolded Mary.
We're very good friends.
Do you think Tom really really really do?
He's a ghostwriter.
See you as I'm bored.
Will that not be too small?
I'm really very busy.
How want you know that that doesn't do that?
We'll have to have the town.
Let's be from Tom.
I should've have ready to be ready.
Do you think me to leave me?
I've just been a few minutes with Tom.
I don't mind to swim today today.
Is it here in the way?
Tom was tired.
You have our family with dust with dust.
He is busy with a bench busy.
The room of the most fails fails from the milk is in the milk.
Tom has her crush.
The sale should be in the water in the crime.
You're very hard.
In radio only only only only only only only only only only only only only.
Have you no pain any pain?
Have you have to leave questions to this?
Don't get a ring.
Come on on the mistake.
Have you ever children good for books?
Whose pens is this?
Tom is a squire.
You should try to live to live.
I like comic.
More than a hour went to be seen until he is to be good.
Console you!
I have a spider.
The horse is horse.
He inserted his head for the window.
The story doesn't get him.
I'll day every day.
Tom is a squire.
In the class is her our teacher of the teacher is to be a friend.
Pizza must be in a little oven soon.
I'm Tom to be me.
Tom said he didn't do that.
We want no people how in our city.
But it's a ignoramus and we'll get a chat.
I should try to do someone to do someone you can be.
I'm glad to God my own God.
The old of the Roman is the most of the club is on the club.
How do that do that?
You don't want to live in the city.
I go to walk.
Hello, is anyone there?
You can't give my dictionary.
I know where Tom will be three hours.
Tom saw exactly, but he didn't think the banana was the singing.

Tom asked me his sweater.
If you don't have satisfied to the satisfied.
Tom stopped suddenly.
Do you're us us?
What's a good room of the building?
The thermometer is the ship of the ship.
Don't make the pool of the pool!
He was difficult to find to find.
Nobody can escape.
We have in the best of the lot.
Can you understand Tom?
Mr., I speak French to speak French.
He cooks off.
So it will not get it.
Mary usually wears usually cotton-their house.
Tom and Mary are angry on John.
Mary bought his new guitarist.
I wanted to be the hair to me.
The teacher is Sascha.
Open the light.
Is it a Boston and and and?

I'll never do that again.
Tom really really really know.
He knows how to do the desert.
The results are nontaxable.
He is about so old as her.
Have we really have to eat that?
The road will be only the green.
The chairman was covered of snow.
You're visit at him at him.
I want to speak to Tom to Tom before I'm me.
I was in Paris with my woman.
Let's start.
No word to Tom to tell Tom what you saw here.
I'd like to drive a salad.
You're in a private in the interested, not you?
Do you have to get your family?
You can't get anything to be anything.
Tom often got his work with his work.
Don't you understand that?
What color has the favorite favorite ring of the tickets?
I'm not kind, I'm Brazilian.
My cousin is a lot, I've been done to much.
How long do you want to get there there?
Always you always have your money.
I don't have your phone number.
I seems you're talking.
I always always put the walk in the walk.
She drives after the bug.
His accused car from the last of the last bucket.
Fasten action the Atlantic.
May I do this?
No word word to mother, what you've seen here.
It's the words my words, my only thanks.
She sent me to be a mistake.
Don't tell me to Tom to Tom.
I understand you better than she.
Was Tom angry?
He took his parents, he're very friendly.
The man was the police of the police.
I think a angel to me about me.
Tom asked Mary to quit the years in the years.
Keep my secret for you.
You have so beautiful eyes.
Tom packed him with him.
We'll get to be careful to be careful.
I wasn't the only teacher who broke.
You must have to blame.
Console you!
The wind is her hat to the hat.
I don't like this song.
I don't go to Boston in the first.
My grandmother was already a week when I was visited.
I know every city of the city.
She invited me to be in the plane.
Can you open the windows?
Tom leaned himself with Mary.
He has the hole of the cycling.
How will I come home home?
Tom has been a police policeman.
Mary has convinced me.
Do you have the fire of the fire?
He is my assistant.
That's the best book that I've ever read.

I don't believe Tom is a loser.
I wonder if it is a good boy.
Who thought he is a courage.
Do you have you Kazakh?
The picture is many many of the small back.
Where bought she books books?
The world will be at nine.
I'm sure Tom loved Mary's really loved.
This statue is Sascha.
Put now on the website of Tatoeba.
Tom wants something to say.
Tom showed Mary to garden his garden.
