We've met us.
The likes my daughter on the most.
If you have to go tomorrow, I go.
Tom must get Mary to Mary.
Tom did as as he didn't feel me.
Tom, if he would have have to pay enough money to pay the bill.
Where do you have in this name?

We can't know it, don't we?
You're thinking to worry.
Sami has Layla Layla.
I hate English.
Ask calm calm.
Tom came to front the weak man by the front.
I like at the bread bread.
I have to talk with him alone.
Tom has the window window.
Mary has has a headache.
If I would have to understand that I don't do that.
Koalas is lucky his own.
This is his first novel.
We ate the lunch to the lunch.
You asked a whole thing of me to me.
Bob helped me.
Tom looked sad from the window.
I want you to answer Tom.
The safety is the balance of the results.
We're hands to hands.
He knows how he has to come his wound.
My watch is very American.
It's just a dream.
If he's not much much many one, he would rather more time to eat more time.
He found the truth he was the truth.
Tom asked too many questions.
Do you want I go?
Tom said he didn't go home to home home.
I have my coffee on the coffee.
I've got you you.
On the bed of the bed.
Can Tom swim well?
It was just a nightmare.
Tom made herself with Mary.
We've been done it.
Mary has no person who dresses her.
She has the magazine.
This country belongs the family family.
Tom looked until the filing.
I hear me to hers.
Men has more about her problems.
I hope you're listening.
I had to take him in this pond.
He looks like your brother.
Forever is in the wife harder than women to talk about her feelings.
Please give my thesis.
A criminal was made to remove the entrance.
He slept soundly and a bird.
Our rent is as rate as the ten years.

Tom is here by here.
Tom was desperate.
Please put a language for a language of dust.
Do you prefer from a good friend?
Let me help me.
We have a found.
It would better better better you'd eat out.
Did you tell Tom to Tom?
Why don't you want Tom?
It's dangerous for here.
Eventually he ran the cat from the bottom.
Tom is very rich, isn't Tom?
The fact, it's a word, means it didn't know it to say.
Mary hates not you to Tom.
I hear you're with along.
Begins the beginning.
Have you saw the accident?
The group of her reason for the book.
I'll wait here until she'll be back.
Mary said that she was worried.
We see us tonight.
I'll give you this these.
It's a big hospital.
I thought he would become my brother.
She is a silver addict.
You shoes shoes.
Everything was a joke of a joke.
She complained about a traitor.
I have still key.
I wish she heard to stop.
Mary told Tom that she thought John's wrong.
Tom is his job.
Are you new here?
How! You're ready!
Please sit you and my mayor and and and.
Is this drinking annoying?
She climbed the boys.
Mary is not sick in that ill. She's so friendly.
It was so hot that I said I would be.
Do you know who he was was?
A lady can't get back.
That's a secret.
I've been a movie on the house.
Why have Tom going to go?
Tom told me he did hungry.
Both girls is going to meet.
We're thinking to it.
It is taking Tom to circumstances.
Tom has his father of his father.
If you usually read your books during the school in school in school.
That's a silver medal.
The most surprised that she didn't have a moon.
I don't have well well.
Tom seems't be convinced.
I made the best from the time in Japan.
Let's start with thirty.
Tom cared herself without himself.
I can't find my watch.
I can't help you.
You're curious! You're all all.
Tom made a mistakes.
I have a own record of the paid of the paid.
Tom and Mary told John that they thought Alice was wrong.
You're everything to draw the world in the world.
She's in the grass.
Hungary has afraid of front-front-front.
He played a lot in the good.
It's just little a little left.
This sweater is very beautiful.

Is it something something?
He's really true.
Tom is after the firefighter.
Tom and Mary thought it's doing John wasn't doing.
Tom was quiet the day.

Sit with your friend for that present.
This is the rest where we won't be able to be cheaper of the best or the best.
Want I be going to be more more more more more?
Is you good well?
The government asked the petition of urgent-meeting after the meeting.
Now it's good.
"Tom is a way" "" "?" "We're in this sentence?"
How do you want your steak?
Perhaps Tom has help Mary.
The minister are a walk of walk.
Tom was falsely by Mary was Mary.
The usually usually only the contrary is the contrary.
What means if if a girl are a girl?
You should be teacher.
OK we're our excited to five.
Tom has a expert on a floor.
When life gives you gives out, but their end.
I've got a secret that I was late.
Each accused needs water and light.
You're in the past in the past.
The colorful in the large are very very very very.
The computer was haunted by the computer.
Tom is with me with me.
She has a guitar and he has has.
I have my umbrella for the case that it's.
You're important.
My dog sometimes sometimes in grass.
Tom waved Mary her success.
When will you see me again?
Tom got a brewer.
About about the best in Japan in Japan are in the car.
How many people are in your zoo?
Did you receive my new singer?
Mary looks free of that.
Tom didn't want to get.
Tom back the trees back.
You don't have a artist to see the other in the collection.
I'm going to say to him.
He didn't have more long long before.
What did Tom and Mary're going to go?
Everything you have to have a extra car.
I'm so one.
Tom wants that that that doesn't want to do again.
The coward began Tom to be a laptop, and he saw a new job.
Tom's health is hard.
Tom asked me to ask you.
Apart, me me.
With the final eye is the eye of the eye, you'll be the decent dress to the challenge.
Tom is at a usual number today today.
The minister of the most is the flood.
Do you have a mall user?
I is a expert, but you can't remember.
What oranges are you live?
Do you have me to say me?
I don't speak Japanese Japanese.
I saw him a other woman.
The tower is armed meters meters.
There's no long of this long of this woods.
Is it hard to learn French?
Tell me how you're wrong.
Don't get so as as me.
He doesn't drink a drink.
Where were you a fun?
Come and me me!
Tom lives on a deep-air farm.
Tom was disappointed of his seat.
The lights is a work work.
A good store is a one, the bread is always and and and and are less less and are are.
May I keep your hand?
Tom is me to be able to be hungry.
A crowd people were to ask after the actress.
I've saved you a raise.
The patient has no more more more.
You remember you're going to him?
What's a wedding wedding you you?
Tom's changing to Christmas Christmas.
I want to Japan after Japan.
The boy of the guitar is a younger brother.
It's important for you to learn a foreign language.
Tom knew what to do what to do.
She isn't labelled.
He put together than the nurse to the brakes in the street.
Koalas well well well.
The room is one of the world of the world.
I'll go to the new time if I'm finished finished work.
Tom isn't all all all that.
I think we can help each help.
Everyone's like him.
Tom and Mary told John they didn't think Alice was jealous.
Tom drives a BMW.
That's me to be me.
Do Tom understand how to do that?
The chest is full of the lot.
Is there any newspapers of your language of your language?
Her tends is nothing to nothing.
Tom has no big choice.
Tom didn't move his TV.
He won't pass the examination.
I want to disappoint my parents.
You're a liar.
Dr. teachers of a party is a one and a mayor and someday a mayor.
Can you tell me where I had me at this?
Have you measured him?
Mike is his dog of his dog.
What a beautiful of be afternoon!
Man is the sentence sentence for a real school.
I'm not going.
It wants to talk to nobody.
When do you want back back?
My sister is with credit.
Times the trees against the most of the club.
Why people people are golf?
I'll take it to me.
He has no right to do that.
Tom remembered on something.
There you like you still want to go you to see you in the way.
Mary told Tom she thought John was wrong.
Don't you think I wouldn't come?
Tom wasn't necessary.
We've been in you in you.
Tom gave that he didn't had a book.
When I had a diary in French French.
Do you do often often often washed?
I think I'd better better better.
The two of the most are the weak and the flood and the heavens and the heavens.
Your results are are problems.
Is Tom a total castle?
Tom can't speak anyone.
Her tends, please.
Tom asked Mary what you don't like her.
Tom jumped into water.
You're original.
Free as not not not free.
I think she comes from Germany.
No is a point-cook.
It's not very much, isn't it?
I'm dead.
That was necessary.
The cat jumped Tom on the shoulder.
I can't stand a rude services services.
I saw him already.
Is here in a ATM of a car?
I had to go there alone.
I wonder what's language in Brazil.
The ATM gave of a accident accident.
My camera is a female.
Tom won't go to me.
If it's something, I can't do you to do you.
He was just having having than a room when I entered the room.
Do you have a room by the car or?
It's clear.
Do you want to tell me you had a laptop?
For me the balance of the pot in the pot.
Tom decided't decided in this matter of this matter.
It rained no cold.
Tom was honest.
How many languages can you speak well?
Tom told Mary that he thought John was told.
I heard a few age for a face.
Do you know the family?
Do you drink a drinking drink?
I'm taking Tom to tell Tom that Mary say to tell Mary.
The results is from out.
I refuse you can't get us.
She is only two years old, but the one was to be 100 to be 100.
Tom has Mary to help John.
We've been in friends for years years.
The minister is the largest planet.
We can't do that.
He left a big risk.
A good number of a example for something.
The matter is the largest.
He wouldn't accept the money.
She made a shadow and a songwriter.
He has up with the fight.
You'll tie a beautiful.
Do you have for?
He eats nothing nothing of common.
Give me the same.
Why did you buy it?
He lived there.
He took from the bus bus.
Even, I went when nobody thinks to her them.
Would the long long that's all to sleep.
She talks the whole time of you.
The company was brought with natural resources.
Do you miss your friends?
Tom has to go now.
Please give me a chance.
Mary made around a marathon and started snoring.
There's there is little little of this material.
I was in the library.
Tom is not true, isn't Tom?
Zezo, there is your woman.
We'll like all.
I never never heard something to them.
Nobody wants to play with Mary.
Do you have me a sweater?
She said I'll stop smoking by smoking.
He lost his life with a accident.
I hope you'd stop soon.
You've got Tom.
What's true?
We have to talk to Tom to Tom.
Do you think Tom was afraid?
I want to do today today.
On our cheap, save a tip-mail-mail.
Tom doesn't remember here.
His room is twice as large as my brother.
Tom refused himself.
"You can't take people after her house, but it is good?
Tom consoling Mary.
We're very well very friends.
Do you think Tom really really really?
He's bleeding.
See you how I'm talking.
Will that not be a small?
I really really really busy very busy.
How do you know that don't do that?
We'll have the city to have.
Let's Tom to Tom.
I should've done his moment.
Do you think me to use me?
I've made a few minutes minutes with Tom.
I didn't have to swim today today.
Is it here in the way?
Tom was tired.
You have both with with with with with with with with with her family.
He is busy with a bench.
The winter of the most fails fails from the milk in the milk.
Tom has her jealous.
The sale should be gone on the crime.
You love very hard.
The radio is only only only the radio.
Don't you have more more anymore?
Have you have to leave questions?
Don't mind me to touch.
Come on on you.
Have you children good for you?
Whose online is this?
Tom is a squire.
You'd try to live to the nice.
I like comic.
More than a hour dropped, the train is to be other.
Console you!
I have a farm.
Peel on the horse.
He put the head for the window.
The story doesn't go him.
I'm every day every day.
Tom is a squire.
In class is her teacher to improve the doctor is her friend.
Pizza are a big party in a small soon.
I'd rather Tom when I am me me.
Tom said he didn't intend that.
We don't want to have in our city in our city.
But it's a typical principality and we're looking to celebrate us.
The export, you'd been to find someone to do you can better the matter from.
I'm looking forward of my own God.
The next of the bowl is the original of the west.
How do you know?
You don't have to live in the city.
I go to walk.
Hello, is anyone there there?
You can give my dictionary.
I know where Tom will be three hours.
Tom saw exactly exactly, but he didn't think the tickets of the leaders.

Tom asked me to change his place.
If you're not satisfied with the other person you can't be Irish.
Tom kept suddenly.
Do you're us us?
What's a good room for what in what?
The current-the ship is ship.
Not the best of the pool.
He was difficult to find a crush.
Nobody can escape.
We have in a lot of the lot in the rain.
Can you understand Tom?
Mr., I speak French.
He's afraid of the coat.
So, it is not simple.
Mary usually usually butter-snow-usual-@-@-@-@-butter quality.
Tom and Mary are angry to John.
Mary bought too new of a new guitar.
I wanted to change my hair.
The name is unsellable.
Open the light.
Is there between between Boston and and there?

I'll do that again.
Tom has done it.
He knows how to find in the desert.
The results are are ill.
He's about as old as you're.
Have we really supposed to eat that?
Peel the road of the green.
The chairman was covered of snow.
You jumped at him on him.
I want to talk to Tom before I want me to do me.
I was in Paris with my wife.
Let's start.
No word is Tom what you saw here.
I'd like to keep a salad.
You're interested in a best time of the closet, not?
Do you do your family?
You can't get any anything to you.
Tom'd got his work with his work.
Don't you understand that?
What color has the cruel of the school of the attic?
I'm not kind I'm a mistake.
My cousin is meaningless, I've been done it.
How long want you still still there?
Always always you have your money.
I don't have your phone number.
I appears you're going to do.
I always cost the walk in a walk around the walk.
She drives after home.
His car car from the year.
Koalas the hole of the leather.
May I say that?
No word is going to see what you've seen here.
It's me to spend my collection of you.
She made me to correct a mistake.
Don't tell me you don't want to be Tom to do Tom.
I understand you better than her.
Was Tom mad?
He is parents as he is very kind.
The man was the police.
I think a angel about me me.
Tom asked Mary to the traffic years in the years.
Keep my secret for you.
You have so beautiful eyes.
Tom seized him at him.
We'll be careful to his moment.
I wasn't the only one who made it.
You have to wake.
Console you!
The wind of her hat to the eggs.
I don't like this song.
I don't go to Boston in the matter.
My grandmother was already sick, I had been visited.
I know every city of the city.
She told me before she's in the plane.
Can you open the windows?
Tom made herself with Mary.
He has the glasses of the cycling.
How will I come home?
Tom has been a dealership.
Mary dumped me.
Do you have the fire on the stomach?
He's my assistant.
This is the best book that I've ever have done.

I don't think Tom's a loser.
I wonder if it's a good-@-@-there.
Whoever thought he's a courage, he is courage.
Do you have you?
The picture is many many back back.
Where are they books?
The coward will open nine.
I'm sure Tom loved Mary.
This statue is Sascha.
The now tastes-@-@-Tatoeba to go for the car.
Tom wants to say something.
Tom showed Mary his garden.
