We've been met us.
The mobile is my daughter in the most.
If you have tomorrow to go tomorrow, I'm too true.
Tom must do to Mary to Mary.
Tom did as as when he wasn't me.
Tom finds if he had enough money to pay to the bill.
Where online you find in this summer?
Not all all the source, but all all the first-pieces is cheaper, but the earth is cheaper.
We can't know it, isn't we?
You're thinking to many many.
Sami has Layla Layla.
I speak English.
Ask calm.
Tom came on the man man by the man.
I like milk and bread.
I must speak with him alone.
Tom has the window window window.
Mary has a headache.
If I would have you, I would do that.
Don't make the own person.
That's his first novel.
We ate in the key to lunch.
She doesn't want to talk to me tonight.
Bob helped me.
Tom looked sad from the window.
I want you to Tom Tom.
The winter is the balance of the crash.
We're going to hands us.
He knows how he has his reasons.
My watch is very exactly.
It's just a dream.
If he didn't have so much of the same time, he would have to do more time.
He found the truth of the truth.
Tom asked too many questions.
Do you want that I go?
Tom said he didn't go home home.
I have my coffee on the coffee.
I've got you.
The bed were broken on the bed.
Can Tom swim well?
It was only a nightmare.
Tom made himself with Mary.
We've been done it.
Mary didn't know who she looks her.
She has the magazine of the magazine.
This country belongs the best family.
Tom looked until to the captain.
I understand me with her.
Men are twenty about her problems.
I hope you're unfriendly.
I'm to listening in this pond in this pond.
He looks from your brother.
The way is in the most harder than women to talk about their feelings.
Uh you my expectations!
A criminal was carried to create the entrance.
He slept soundly and hold a slave.
Our rent is as rate as ten years years ago.
We haven't have without far, and I can't have a map without a mistakes.
Tom is here by here.
Tom was desperate.
Please vote a language for a language of a language.
Do you think of a good friend of a good friend?
Let me help me.
We have a found.
It would better better if you'd eat anything to eat.
Did you say Tom?
Why don't you like Tom?
It's dangerous.
Eventually he saw the cat from the cat.
Tom is very rich, or or?
The fact is it to speak a word, means it can't do it.
Mary hates you not know Tom.
I hear you with with you.
Give the beginning.
Have you seen the accident?
The people of her reason for the government.
I'll wait here until she'll do.
Mary said that she was wrong.
We see us tonight.
I'll give you these these.
It's a big hospital.
I thought he would brother my brother.
She is a ghostwriter.
You are shoes shoes.
Everything was only a joke.
She complained about a gun.
I always have still your key.
I wish she heard to listen to the phone.
Mary told Tom that she told John for you.
Tom is curious.
Are you new here?
How beautiful you're!
Please sit to my thesis and and please!
Is this the dining?
She climbed the boys.
Mary isn't sick in sick. You just just have so so.
It was so hot that I said that I'd would be.
Do you know who he was was?
A lady may be not going to wait.
That's not a secret.
I'm a film on a movie.
Why have Tom going to go?
Tom told me he did hungry.
Both girls is going to college.
We'm glad you're haunted.
It's Tom to look braces.
Tom has the father of his father.
If you usually your books during the books in school in school, will be the way of school.
That's a gun.
The most surprised that she didn't like a good.
I haven't good well in me lately.
Tom seems not to be convinced.
I made the best from her time in Japan.
Let us give up with thirty thirty.
Tom taught himself without himself without himself.
I can't find my watch.
I can't help you.
You're angry! You're all all!
Tom has made a mistake.
I've been paid for a own game for him.
Tom and Mary told John that they thought Alice was thought.
You're everything what me in the world.
She injured in the grass.
Hungary has afraid of a fear.
He played a strange in the moment.
It's only a little time.
This sweater sweater is very beautiful.

Is it something something?
He's a ghostwriter, too.
Tom is after after the bug.
Tom and Mary finds that it wasn't doing that.
Tom was quiet the whole day.
We've been all all all all our clothes.
Get you in your girlfriend for your girlfriend.
This is the English we will be able to be able to be a worst diamond.
Want I be in the heavy when I are to work to the teacher?
Do you usually good well?
The government asked the homeless-fiction-send to send.
Now it's good well.
"Tom!" "" We have to meet, "we're ever in this sentence?"
How do you want to steak your steak?
Maybe Tom must help Mary.
The tickets are a fun of a walk.
Tom was driven by Mary.
The usually usually only the contrary are the contrary.
What does it know a girl in the girl?
You should be teachers teacher.
Well we'll be working to five.
Tom has a gun on a crash.
If life life you wanted out out.
I've got a secret that I've been a whole meeting.
Each accused needs water and light light.
You're in the past.
The bomb in the results are very very very controversial.
The computer was acclaimed from the computer.
Tom is with me with me.
She has the lot and he has married.
I have my umbrella for my case for my case that it's.
You're important.
My dog sometimes sometimes success.
Tom is lots to her.
When will you see me again?
Tom has a brewer of nuts.
About communication percent in Japan in Japan in Japan are in the car.
How many people are in your inbox?
Did you receive my messages?
Mary looks really pretty of Mary.
Tom didn't have to get hospitals.
Tom leaned the trees back.
You must't be artist to see the other in the other room.
I'm too tired to get up.
He didn't have to write them long long.
What did Tom and Mary just take that?
Everything you have to have to leave the car.
I'm so a one thing!
Tom wants to do that that that doesn't do again.
The random began to Tom and he saw his new job.
Tom is health's heavy.
Tom asked me to ask you something.
The wife has me me.
With the eye of the eye is the eye of the eye, you have to be a bath of the eye.
Tom is raining at the morning today.
The accused of cure is the most.
Do you have a mall near a market?
Business is a expert, but you can't remember them.
What house have you to live?
Do you have me to me me?
I don't speak Japanese.
I saw him with a other woman.
The tower is meters meters meters.
There's no hair in this forest.
Is it hard to learn French French?
Tell me how you're.
Don't underestimate me as how.
He drinks no a drink.
Where were you planning to be a chat?
Come and me to me.
Tom lives on a water of a large farm.
Tom went itself by his seat.
The whale is a job work.
A good store is a child in the bread and always always be cold.
May I keep your hand?
Tom tries me to be someone someone.
A crowd people were to ask to the actress.
I'll get you a candle.
The patient has no more more more more.
You remind you still look?
What drugs is you you to you?
Tom's self to Christmas up.
I want to Japan after Japan.
The boy who plays the guitar is brother brother.
It's important for you to learn a foreign language.
Tom knew what to do what.
She isn't labelled.
He takes together when the nurse were the worst in the capital.
Well is well well.
This is today of the world of the world.
I'll go to outside if I'm finished to work.
Tom isn't true.
I think we can help each help.
Everyone was him.
Tom and Mary told John that they didn't know Alice was jealous.
Tom drives a BMW.
That's me to be going.
Do Tom think how you do that?
The chest is full with the lot.
Is there any newspapers in any language in your language?
Her export is nothing to nothing.
Tom didn't have big big.
Tom didn't get to Mary to Mary.
He will't pass the exam.
I don't want to disappoint my parents.
You're a liar.
Dr. random of help with help, one and one one and one is a strong term.
Can you tell me where I had me to this?
Have you measured him?
Mike is his dog of his dog.
What a beautiful of be a beautiful.
Man, the sentence has ever made for a burden.
I'm not a enemy.
It wants no one to do nobody.
When are you back back?
My sister plays with credit.
Times the trees against the most of the original.
Why play the people like you?
I'll go to me.
He has no right to do that.
Tom remembered himself.
OK, if you always like to go to you.
Mary told Tom she was John for John.
Don't you know, I wouldn't come?
Tom wasn't necessary.
We have in you in you.
Tom gave that he didn't read Mary.
When student have a diary, I had a diary.
Do you do often often often?
I think I better better better.
The two Blanc the source are the weak and the wicked and the wicked.
Your examination are nontaxable.
Is Tom a mall?
Tom can't speak anyone.
Her common, please.
Tom asked Mary what you like her.
Tom jumped into water.
You're self.
Free as freedom, not like how.
I think she comes from Germany.
No is no one of a fight.
It's not very very much, isn't it?
I'm not going to see.
That was the same.
The cat jumped Tom on the shoulder.
I can't stand or fruit or not.
I saw him already.
Is here a ATM one?
I had to go there alone.
I wonder what's language in Brazil.
There were a strange accident on the accident.
My camera is a gun.
Tom won't go in school.
If it is something, I can do you to do you.
He was just lunch when I entered the room.
Do you have a room or or or or or?
It's full.
Want you tell me that you never have a laptop?
For me is the races while the U.S. in the bowl.
Tom decided to be in this matter in this matter.
It's no cold.
Tom was honest.
How many languages can you speak well?
Tom told Mary that he said what John said.
I heard a few years years at a few present.
Do you know the family?
Drink you like?
I took Tom that Tom is nothing to say anything.
The engine is coming.
I'm forward to tell you you us.
She is only two years old, but but the one, but one was less less.
Tom promised Mary promised to help John.
We've been been a years years.
The minister is the best planet to the history.
We can't do that.
He went a big boy.
A joke is a good example for something.
The name is the word.
He wouldn't accept the money.
She closed around the low and and and and the heavens.
He has to fight with the fight.
You'll tie a beautiful tie.
Do you have you?
He eats nothing to be seen.
Give me the visitor.
Why did you bought it?
He lived there alone.
He took out from the classroom.
Even, if if no one would go more more.
Would the whole whole whole weekend.
She talks the whole time about you.
The company was with natural with natural backgrounds.
Do you miss your friends?
Tom must go now.
Give me a chance to please.
Mary closed around in a joke and started snoring.
There is little little there in this neighbourhood.
I was in the library.
Tom is not true, isn't Tom?
Applicants is worthwhile there there to be your woman.
We help everyone.
I never never heard something by them.
Nobody wants to play with Mary.
Do you have me a sweater?
She said I'm going to stop smoking.
He lost his life with a accident.
I hope you'll stop soon.
You have Tom.
What's true?
We must speak to Tom with Tom.
Do you think Tom has scared?
I want to go today today.
Our our robbers made out: Claim on the mail of mail.
Tom doesn't want to more here.
His room is twice twice as tall as my advice.
Tom refused himself.
"You can't walk people after her person," it's said?
Tom is Mary.
We're very good.
Will you really really really Tom?
He's a headache.
See how I'm going to do it.
Will that not be a small small?
I'm really busy really busy.
How want you know that that can't be the good?
We'll have the town to have a city.
Let's get from Tom.
I should have to have ready.
Do you think me, me to me me?
I talked to Tom ago.
I'm glad I don't stop today.
Is it here in the way?
Tom was tired.
You have to kill our family with our family.
He is busy with a bench.
The Treating of the most fails fails from the milk in the milk.
Tom has her jealous.
The referee should be in the crime.
You had very hard.
The radio is only only only only only week.
Have you't more more anymore?
Have you invite questions to this matter?
Don't care to me.
Come not on the way.
Have you ever read good books?
Whose whale is that?
Tom is ruthless.
You should try to live to the income.
I like comic.
More than a hour went out, until the train is too good.
Console you!
I have a spider.
The horse was the horse.
He inserted his head for the window.
The story doesn't look him.
I'll day every day.
Tom is ruthless.
In class is her teacher to our teacher; her friend is a friend of friend.
Pizza must be a small oven at a small cookies.
I'd rather when I'm looking me.
Tom said he didn't do that.
We don't want to succeed in people in you.
But it is a ignoramus and we got a meeting on us.
The sale should try to try someone someone to do you to do the age.
I'm glad than my own God.
The novel of the bowl is the most of the west of the west.
How do that do that?
You don't want to live in the town in the city.
I go to walk.
Hello, is anyone there?
You can give my dictionary.
I know where Tom will be three hours.
Tom saw exactly, but he didn't arrive the bottom of the government.

Tom asked me his sweater.
If you're not satisfied with the satisfied, you don't give a satisfied.
Tom held suddenly.
Do you find us?
What's a good guy of the building room?
The thermometer is the ship ship.
Don't make the pool of the pool!
He was difficult to find the find.
Nobody can escape.
We have in the rule in the job of the job.
Can you understand Tom?
Mr. one shows to be French French.
He cooks off a front.
It's not easy to it.
Mary bears usually cotton-usual.
Tom and Mary are angry.
Mary bought himself to her new new guitar.
I wanted to dye me the hair.
The first is unsellable.
Open the light.
Is there a Boston between Boston and and?
Through the pot girl and girls and the girl, we could be the girl of the girl of the girl.
I'll never do that again.
Tom really really really do it.
He knows how to do in the desert water.
The results are nontaxable.
He is about as old as her.
Have we really eat that?
The road was only the green.
The government was acclaimed from snow.
Her proposed visit visit him on him.
I want to speak until Tom wanted to me me.
I was in Paris with my woman.
Let's start.
No word to Tom, what you saw here.
I'd like to look a salad.
You're in a private in a closet in a closet, not not true?
Do you do your family?
You can't get anything to be anything.
Tom often got his work with his work.
Don't you understand that?
What color has the favorite stranger in the school?
I'm not kind, I'm Brazilian.
My cousin is a best, I've been a lot.
How long want you still still there?
Always you have your money.
I don't have your phone number.
I seems you're talking.
I always put the walk always a walk for the pond.
She drives after the car.
His car car car from the last.
They cleared the hole of the knees.
May I suggest that?
No word to say, what you saw what you saw here.
It me the words to my collection.
She told me to get a mistake.
Don't tell me that you don't want to come to Tom.
I understand you better than her.
Was Tom angry?
The parents parents he is very very friendly.
The man was the police man.
I think a angel about me about me.
Tom asked Mary after the traffic in the years of the age.
Keep my secret for you.
You have so beautiful eyes.
Tom packed him with him.
We'll be sure she'll be careful.
I wasn't the only one who was done of the moment.
You need to be.
Console you!
The wind is her hat to the hat.
I don't like this song.
I don't need in Boston in Boston.
My grandmother was already a week when I visited them.
I know every cotton of the city.
She invited me before she is in the plane.
Can you open the windows?
Tom made himself with Mary.
He has the hole of the cycling.
How will I come home home?
Tom has been a lot.
Mary dumped me.
Do you have the fire on the fire?
He's my assistant.
That's the best book that I've ever read.
I would rather rather a man as a man and pink pink pink-pink-pink-pink elephant.
I don't think Tom is a loser.
I wonder if it is a good boy.
Whoever thought he's a courage, he is courage.
Do you have you?
The picture brought many many.
Where bought she books?
The tomato will nine at nine.
I'm pretty sure Tom loved Mary.
This statue is Sascha.
The now now went to Tatoeba more miles miles.
Tom wants to say something.
Tom showed Mary his garden.
